<?xml version="1.0" encoding="UTF-8"?>
<!-- Generated by org.testng.reporters.JUnitReportReporter -->
<testsuite skipped="0" hostname="DESKTOP-JDGVO00" name="Day_001_Demo.TC01_Login" tests="1" failures="0" timestamp="2021-01-19T10:56:02 IST" time="12.774" errors="0">
  <testcase name="login_test" time="12.774" classname="Day_001_Demo.TC01_Login"/>
  <system-out/>
</testsuite> <!-- Day_001_Demo.TC01_Login -->
