<?xml version="1.0" encoding="UTF-8"?>
<!-- Generated by org.testng.reporters.JUnitReportReporter -->
<testsuite skipped="0" hostname="DESKTOP-JDGVO00" name="Day_005_TestNG_DataProvider_Lab1.OrangeHRM_DataProvider_Lab2" tests="2" failures="0" timestamp="2021-02-22T08:58:13 IST" time="39.267" errors="0">
  <testcase name="Test1" time="19.644" classname="Day_005_TestNG_DataProvider_Lab1.OrangeHRM_DataProvider_Lab2"/>
  <system-out/>
  <testcase name="Test1" time="19.623" classname="Day_005_TestNG_DataProvider_Lab1.OrangeHRM_DataProvider_Lab2"/>
  <system-out/>
</testsuite> <!-- Day_005_TestNG_DataProvider_Lab1.OrangeHRM_DataProvider_Lab2 -->
