<?xml version="1.0" encoding="UTF-8"?>
<!-- Generated by org.testng.reporters.JUnitReportReporter -->
<testsuite hostname="DESKTOP-PEG8FIS" failures="0" tests="1" name="bharath.TC01_Action_single_user_interaction_action" time="9.187" errors="0" timestamp="2021-03-16T20:54:25 IST" skipped="0">
  <testcase classname="bharath.TC01_Action_single_user_interaction_action" name="Login_Test" time="9.187"/>
  <system-out/>
</testsuite> <!-- bharath.TC01_Action_single_user_interaction_action -->
