<?xml version="1.0" encoding="UTF-8"?>
<!-- Generated by org.testng.reporters.JUnitReportReporter -->
<testsuite skipped="0" hostname="DESKTOP-JDGVO00" name="Day_011_Katalon_Recorder.TC01_Test3" tests="1" failures="0" timestamp="2021-02-25T08:54:16 IST" time="13.224" errors="0">
  <testcase name="testTC01Skills" time="13.224" classname="Day_011_Katalon_Recorder.TC01_Test3"/>
  <system-out/>
</testsuite> <!-- Day_011_Katalon_Recorder.TC01_Test3 -->
