<?xml version="1.0" encoding="UTF-8"?>
<!-- Generated by org.testng.reporters.JUnitReportReporter -->
<testsuite skipped="0" hostname="DESKTOP-JDGVO00" name="ABC_Demo1.TC01_Test2_Excel_Browser" tests="3" failures="0" timestamp="2021-02-23T09:14:51 IST" time="138.101" errors="0">
  <testcase name="AddSkillsTest" time="46.280" classname="ABC_Demo1.TC01_Test2_Excel_Browser"/>
  <system-out/>
  <testcase name="AddSkillsTest" time="65.731" classname="ABC_Demo1.TC01_Test2_Excel_Browser"/>
  <system-out/>
  <testcase name="AddSkillsTest" time="26.090" classname="ABC_Demo1.TC01_Test2_Excel_Browser"/>
  <system-out/>
</testsuite> <!-- ABC_Demo1.TC01_Test2_Excel_Browser -->
