<?xml version="1.0" encoding="UTF-8"?>
<!-- Generated by org.testng.reporters.JUnitReportReporter -->
<testsuite skipped="0" hostname="DESKTOP-JDGVO00" name="Day_019_Frames.Switch_By_FrameName" tests="1" failures="0" timestamp="2021-02-17T10:16:11 IST" time="5.242" errors="0">
  <testcase name="Login_Test" time="5.242" classname="Day_019_Frames.Switch_By_FrameName"/>
  <system-out/>
</testsuite> <!-- Day_019_Frames.Switch_By_FrameName -->
