<?xml version="1.0" encoding="UTF-8"?>
<!-- Generated by org.testng.reporters.JUnitReportReporter -->
<testsuite hostname="DESKTOP-PEG8FIS" failures="0" tests="6" name="Day_017_Priorities_Test.TC01_priority_Orderpractice" time="20.897" errors="0" timestamp="2021-03-10T10:39:55 IST" skipped="0">
  <testcase classname="Day_017_Priorities_Test.TC01_priority_Orderpractice" name="Test1_OpenChromeBrowser" time="3.047"/>
  <system-out/>
  <testcase classname="Day_017_Priorities_Test.TC01_priority_Orderpractice" name="Test2_OpenOrangeHRM" time="4.297"/>
  <system-out/>
  <testcase classname="Day_017_Priorities_Test.TC01_priority_Orderpractice" name="Test3_Login" time="5.022"/>
  <system-out/>
  <testcase classname="Day_017_Priorities_Test.TC01_priority_Orderpractice" name="Test4_Addnatialities" time="5.538"/>
  <system-out/>
  <testcase classname="Day_017_Priorities_Test.TC01_priority_Orderpractice" name="Test5_Logout" time="2.220"/>
  <system-out/>
  <testcase classname="Day_017_Priorities_Test.TC01_priority_Orderpractice" name="Test6_closebrowser" time="0.773"/>
  <system-out/>
</testsuite> <!-- Day_017_Priorities_Test.TC01_priority_Orderpractice -->
