<?xml version="1.0" encoding="UTF-8"?>
<!-- Generated by org.testng.reporters.JUnitReportReporter -->
<testsuite skipped="0" hostname="DESKTOP-JDGVO00" name="Day044_Return_Values.TC001_Return_Single_Value" tests="1" failures="0" timestamp="2021-01-18T10:19:39 IST" time="0.018" errors="0">
  <testcase name="Test5" time="0.018" classname="Day044_Return_Values.TC001_Return_Single_Value"/>
  <system-out/>
</testsuite> <!-- Day044_Return_Values.TC001_Return_Single_Value -->
