<?xml version="1.0" encoding="UTF-8"?>
<!-- Generated by org.testng.reporters.JUnitReportReporter -->
<testsuite skipped="0" hostname="DESKTOP-JDGVO00" name="Day_004_Dropdown.TC01_Add_Locations_DataProvider" tests="2" failures="0" timestamp="2021-02-05T12:10:08 IST" time="36.293" errors="0">
  <testcase name="AddLocationsTest" time="18.588" classname="Day_004_Dropdown.TC01_Add_Locations_DataProvider"/>
  <system-out/>
  <testcase name="AddLocationsTest" time="17.705" classname="Day_004_Dropdown.TC01_Add_Locations_DataProvider"/>
  <system-out/>
</testsuite> <!-- Day_004_Dropdown.TC01_Add_Locations_DataProvider -->
