<?xml version="1.0" encoding="UTF-8"?>
<!-- Generated by org.testng.reporters.JUnitReportReporter -->
<testsuite hostname="DESKTOP-PEG8FIS" failures="0" tests="1" name="bharath.AllTests2" time="0.016" errors="0" timestamp="2021-03-18T11:04:25 IST" skipped="0">
  <testcase classname="bharath.AllTests2" name="Test4" time="0.016"/>
  <system-out/>
</testsuite> <!-- bharath.AllTests2 -->
