<?xml version="1.0" encoding="UTF-8"?>
<!-- Generated by org.testng.reporters.JUnitReportReporter -->
<testsuite skipped="0" hostname="DESKTOP-JDGVO00" name="Day_015_ParallelTests.OrangeHRMTest" tests="1" failures="0" timestamp="2021-02-27T09:10:13 IST" time="6.522" errors="0">
  <testcase name="Open_OrangeHRM" time="6.522" classname="Day_015_ParallelTests.OrangeHRMTest"/>
  <system-out/>
</testsuite> <!-- Day_015_ParallelTests.OrangeHRMTest -->
