<?xml version="1.0" encoding="UTF-8"?>
<!-- Generated by org.testng.reporters.JUnitReportReporter -->
<testsuite hostname="DESKTOP-PEG8FIS" failures="0" tests="1" name="Day_018_Waits.TC03_Implicit_Wait" time="24.544" errors="0" timestamp="2021-03-05T11:25:36 IST" skipped="0">
  <testcase classname="Day_018_Waits.TC03_Implicit_Wait" name="Login_Test" time="24.544"/>
  <system-out>
<table> <tr >  <img   style="border:1px solid black;"      src="C:\HTML Report\HtmlTemplates\Logo.JPEG"></tr><tr   ><center><font color="red"  size="15" >TC01_Login</font></center></tr><tr bgcolor="#9370DB"> <th width="100px"> <center><font color="white"  size="4" >Steps</font></center><font color="white"  size="4" ></font></center> </th> <th width="450px" ><center><font color="white"  size="4" >Details </font> </center></th> <th width="100px" ><center><font color="white"  size="4" >Status</font></center></th>  <th  width="250px"  ><center><font color="white"  size="4" >Screen Shots</font></center></th> <th width="250px"  ><center><font color="white"  size="4" >Date & Time</font></center></th> 	 </tr>         <tr bgcolor="#eee"> <th width="100px"> <center>Step&nbsp;1</center> </th> <th width="450px" ><center><b><font color='black'>   Opened Orange HRM</b> </font></center></th> <th width="100px" ><center><img src='file:///C:\HTML Report\HtmlTemplates\passed.ico'    +     "width="30" + height="30"></img></center></th>  <th  width="250px"  ><center><a href=C:/HTML Report/test-output/TempScreenShots/TC01_Login_2021_Mar_05_11_25_14_687_AM/05_Mar_2021 11_25_20_186 AM.png target="popup" onclick="window.open('C:/HTML Report/test-output/TempScreenShots/TC01_Login_2021_Mar_05_11_25_14_687_AM/05_Mar_2021 11_25_20_186 AM.png','popup','width=600,height=600'); return false;"> ScreenShot</a> </center></th> <th width="250px"  ><center>2021_Mar_05_11_25_21_052_AM</center></th> 	 </tr>        <tr bgcolor="#ddd"> <th width="100px"> <center>Step&nbsp;2</center> </th> <th width="450px" ><center><b><font color='black'>   Username Entered</b> </font></center></th> <th width="100px" ><center><img src='file:///C:\HTML Report\HtmlTemplates\passed.ico'    +     "width="30" + height="30"></img></center></th>  <th  width="250px"  ><center><a href=C:/HTML Report/test-output/TempScreenShots/TC01_Login_2021_Mar_05_11_25_14_687_AM/05_Mar_2021 11_25_21_175 AM.png target="popup" onclick="window.open('C:/HTML Report/test-output/TempScreenShots/TC01_Login_2021_Mar_05_11_25_14_687_AM/05_Mar_2021 11_25_21_175 AM.png','popup','width=600,height=600'); return false;"> ScreenShot</a> </center></th> <th width="250px"  ><center>2021_Mar_05_11_25_21_610_AM</center></th> 	 </tr>        <tr bgcolor="#eee"> <th width="100px"> <center>Step&nbsp;3</center> </th> <th width="450px" ><center><b><font color='black'>   Password Entered</b> </font></center></th> <th width="100px" ><center><img src='file:///C:\HTML Report\HtmlTemplates\passed.ico'    +     "width="30" + height="30"></img></center></th>  <th  width="250px"  ><center><a href=C:/HTML Report/test-output/TempScreenShots/TC01_Login_2021_Mar_05_11_25_14_687_AM/05_Mar_2021 11_25_21_765 AM.png target="popup" onclick="window.open('C:/HTML Report/test-output/TempScreenShots/TC01_Login_2021_Mar_05_11_25_14_687_AM/05_Mar_2021 11_25_21_765 AM.png','popup','width=600,height=600'); return false;"> ScreenShot</a> </center></th> <th width="250px"  ><center>2021_Mar_05_11_25_22_156_AM</center></th> 	 </tr>        <tr bgcolor="#ddd"> <th width="100px"> <center>Step&nbsp;4</center> </th> <th width="450px" ><center><b><font color='black'>   Clicked on Submit</b> </font></center></th> <th width="100px" ><center><img src='file:///C:\HTML Report\HtmlTemplates\passed.ico'    +     "width="30" + height="30"></img></center></th>  <th  width="250px"  ><center><a href=C:/HTML Report/test-output/TempScreenShots/TC01_Login_2021_Mar_05_11_25_14_687_AM/05_Mar_2021 11_25_26_539 AM.png target="popup" onclick="window.open('C:/HTML Report/test-output/TempScreenShots/TC01_Login_2021_Mar_05_11_25_14_687_AM/05_Mar_2021 11_25_26_539 AM.png','popup','width=600,height=600'); return false;"> ScreenShot</a> </center></th> <th width="250px"  ><center>2021_Mar_05_11_25_26_923_AM</center></th> 	 </tr>        <tr bgcolor="#eee"> <th width="100px"> <center>Step&nbsp;5</center> </th> <th width="450px" ><center><b><font color='black'>   Clicked on Admin</b> </font></center></th> <th width="100px" ><center><img src='file:///C:\HTML Report\HtmlTemplates\passed.ico'    +     "width="30" + height="30"></img></center></th>  <th  width="250px"  ><center><a href=C:/HTML Report/test-output/TempScreenShots/TC01_Login_2021_Mar_05_11_25_14_687_AM/05_Mar_2021 11_25_28_790 AM.png target="popup" onclick="window.open('C:/HTML Report/test-output/TempScreenShots/TC01_Login_2021_Mar_05_11_25_14_687_AM/05_Mar_2021 11_25_28_790 AM.png','popup','width=600,height=600'); return false;"> ScreenShot</a> </center></th> <th width="250px"  ><center>2021_Mar_05_11_25_29_153_AM</center></th> 	 </tr>        <tr bgcolor="#ddd"> <th width="100px"> <center>Step&nbsp;6</center> </th> <th width="450px" ><center><b><font color='black'>   Clicked on Nationalities</b> </font></center></th> <th width="100px" ><center><img src='file:///C:\HTML Report\HtmlTemplates\passed.ico'    +     "width="30" + height="30"></img></center></th>  <th  width="250px"  ><center><a href=C:/HTML Report/test-output/TempScreenShots/TC01_Login_2021_Mar_05_11_25_14_687_AM/05_Mar_2021 11_25_30_376 AM.png target="popup" onclick="window.open('C:/HTML Report/test-output/TempScreenShots/TC01_Login_2021_Mar_05_11_25_14_687_AM/05_Mar_2021 11_25_30_376 AM.png','popup','width=600,height=600'); return false;"> ScreenShot</a> </center></th> <th width="250px"  ><center>2021_Mar_05_11_25_30_723_AM</center></th> 	 </tr>        <tr bgcolor="#eee"> <th width="100px"> <center>Step&nbsp;7</center> </th> <th width="450px" ><center><b><font color='black'>   Clicked on Add Nationalitis button</b> </font></center></th> <th width="100px" ><center><img src='file:///C:\HTML Report\HtmlTemplates\passed.ico'    +     "width="30" + height="30"></img></center></th>  <th  width="250px"  ><center><a href=C:/HTML Report/test-output/TempScreenShots/TC01_Login_2021_Mar_05_11_25_14_687_AM/05_Mar_2021 11_25_30_828 AM.png target="popup" onclick="window.open('C:/HTML Report/test-output/TempScreenShots/TC01_Login_2021_Mar_05_11_25_14_687_AM/05_Mar_2021 11_25_30_828 AM.png','popup','width=600,height=600'); return false;"> ScreenShot</a> </center></th> <th width="250px"  ><center>2021_Mar_05_11_25_31_174_AM</center></th> 	 </tr>        <tr bgcolor="#ddd"> <th width="100px"> <center>Step&nbsp;8</center> </th> <th width="450px" ><center><b><font color='black'>   Entered Nationality Text</b> </font></center></th> <th width="100px" ><center><img src='file:///C:\HTML Report\HtmlTemplates\passed.ico'    +     "width="30" + height="30"></img></center></th>  <th  width="250px"  ><center><a href=C:/HTML Report/test-output/TempScreenShots/TC01_Login_2021_Mar_05_11_25_14_687_AM/05_Mar_2021 11_25_31_299 AM.png target="popup" onclick="window.open('C:/HTML Report/test-output/TempScreenShots/TC01_Login_2021_Mar_05_11_25_14_687_AM/05_Mar_2021 11_25_31_299 AM.png','popup','width=600,height=600'); return false;"> ScreenShot</a> </center></th> <th width="250px"  ><center>2021_Mar_05_11_25_31_656_AM</center></th> 	 </tr>        <tr bgcolor="#eee"> <th width="100px"> <center>Step&nbsp;9</center> </th> <th width="450px" ><center><b><font color='black'>   Clicked on Save</b> </font></center></th> <th width="100px" ><center><img src='file:///C:\HTML Report\HtmlTemplates\passed.ico'    +     "width="30" + height="30"></img></center></th>  <th  width="250px"  ><center><a href=C:/HTML Report/test-output/TempScreenShots/TC01_Login_2021_Mar_05_11_25_14_687_AM/05_Mar_2021 11_25_33_081 AM.png target="popup" onclick="window.open('C:/HTML Report/test-output/TempScreenShots/TC01_Login_2021_Mar_05_11_25_14_687_AM/05_Mar_2021 11_25_33_081 AM.png','popup','width=600,height=600'); return false;"> ScreenShot</a> </center></th> <th width="250px"  ><center>2021_Mar_05_11_25_33_810_AM</center></th> 	 </tr>        <tr bgcolor="#ddd"> <th width="100px"> <center>Step&nbsp;10</center> </th> <th width="450px" ><center><b><font color='black'>   Clicked on Logout </b> </font></center></th> <th width="100px" ><center><img src='file:///C:\HTML Report\HtmlTemplates\passed.ico'    +     "width="30" + height="30"></img></center></th>  <th  width="250px"  ><center><a href=C:/HTML Report/test-output/TempScreenShots/TC01_Login_2021_Mar_05_11_25_14_687_AM/05_Mar_2021 11_25_35_213 AM.png target="popup" onclick="window.open('C:/HTML Report/test-output/TempScreenShots/TC01_Login_2021_Mar_05_11_25_14_687_AM/05_Mar_2021 11_25_35_213 AM.png','popup','width=600,height=600'); return false;"> ScreenShot</a> </center></th> <th width="250px"  ><center>2021_Mar_05_11_25_35_598_AM</center></th> 	 </tr>        </system-out>
</testsuite> <!-- Day_018_Waits.TC03_Implicit_Wait -->
