<?xml version="1.0" encoding="UTF-8"?>
<!-- Generated by org.testng.reporters.JUnitReportReporter -->
<testsuite skipped="0" hostname="DESKTOP-JDGVO00" name="Day_021_Java_Script_Executer.TC03_Scroll_by_pixel" tests="1" failures="0" timestamp="2021-01-27T09:01:18 IST" time="7.731" errors="0">
  <testcase name="ByPixel" time="7.731" classname="Day_021_Java_Script_Executer.TC03_Scroll_by_pixel"/>
  <system-out/>
</testsuite> <!-- Day_021_Java_Script_Executer.TC03_Scroll_by_pixel -->
