<?xml version="1.0" encoding="UTF-8"?>
<!-- Generated by org.testng.reporters.JUnitReportReporter -->
<testsuite hostname="LAPTOP-9HART8E0" failures="0" tests="1" name="Advith.Test1_login" time="0.018" errors="0" timestamp="2021-07-12T11:12:00 IST" skipped="0">
  <testcase classname="Advith.Test1_login" name="logintest" time="0.018"/>
  <system-out/>
</testsuite> <!-- Advith.Test1_login -->
