<?xml version="1.0" encoding="UTF-8"?>
<!-- Generated by org.testng.reporters.JUnitReportReporter -->
<testsuite skipped="0" hostname="DESKTOP-JDGVO00" name="Day_40_Key_Word_Driven1.TC01_Skills" tests="1" failures="0" timestamp="2021-02-05T08:47:16 IST" time="16.488" errors="0">
  <testcase name="TC01_Test" time="16.488" classname="Day_40_Key_Word_Driven1.TC01_Skills"/>
  <system-out>
Open Browser Login method Invoked Close Browser  </system-out>
</testsuite> <!-- Day_40_Key_Word_Driven1.TC01_Skills -->
