<?xml version="1.0" encoding="UTF-8"?>
<!-- Generated by org.testng.reporters.JUnitReportReporter -->
<testsuite hostname="DESKTOP-PEG8FIS" failures="0" tests="2" name="bharath.AllTests" time="20.503" errors="0" timestamp="2021-03-18T10:05:58 IST" skipped="0">
  <testcase classname="bharath.AllTests" name="Google" time="11.601"/>
  <system-out/>
  <testcase classname="bharath.AllTests" name="OrangeHRM" time="8.902"/>
  <system-out/>
</testsuite> <!-- bharath.AllTests -->
