<?xml version="1.0" encoding="UTF-8"?>
<!-- Generated by org.testng.reporters.JUnitReportReporter -->
<testsuite hostname="DESKTOP-PEG8FIS" failures="0" tests="1" name="Day_017_Multiple_Suites.OrangeHRMTest" time="11.803" errors="0" timestamp="2021-03-10T10:47:39 IST" skipped="0">
  <testcase classname="Day_017_Multiple_Suites.OrangeHRMTest" name="Open_OrangeHRM" time="11.803"/>
  <system-out/>
</testsuite> <!-- Day_017_Multiple_Suites.OrangeHRMTest -->
