<?xml version="1.0" encoding="UTF-8"?>
<!-- Generated by org.testng.reporters.JUnitReportReporter -->
<testsuite skipped="0" hostname="DESKTOP-JDGVO00" name="Day_025_ExcelUtil_Apache_POI.TC07_Excel_Test_xlsx2" tests="1" failures="0" timestamp="2021-01-25T11:54:11 IST" time="26.433" errors="0">
  <testcase name="hello" time="26.433" classname="Day_025_ExcelUtil_Apache_POI.TC07_Excel_Test_xlsx2"/>
  <system-out/>
</testsuite> <!-- Day_025_ExcelUtil_Apache_POI.TC07_Excel_Test_xlsx2 -->
