<?xml version="1.0" encoding="UTF-8"?>
<!-- Generated by org.testng.reporters.JUnitReportReporter -->
<testsuite hostname="DESKTOP-PEG8FIS" failures="0" tests="1" name="bharath.TC02_Excel_Test_xlsx" time="13.506" errors="0" timestamp="2021-03-16T13:43:37 IST" skipped="0">
  <testcase classname="bharath.TC02_Excel_Test_xlsx" name="hello" time="13.506"/>
  <system-out/>
</testsuite> <!-- bharath.TC02_Excel_Test_xlsx -->
