<?xml version="1.0" encoding="UTF-8"?>
<!-- Generated by org.testng.reporters.JUnitReportReporter -->
<testsuite hostname="DESKTOP-PEG8FIS" failures="0" tests="1" name="bharath.TC05_DeleteFile" time="116.363" errors="0" timestamp="2021-03-17T22:25:51 IST" skipped="0">
  <testcase classname="bharath.TC05_DeleteFile" name="File_Download" time="116.363"/>
  <system-out/>
</testsuite> <!-- bharath.TC05_DeleteFile -->
