<?xml version="1.0" encoding="UTF-8"?>
<!-- Generated by org.testng.reporters.JUnitReportReporter -->
<testsuite hostname="DESKTOP-PEG8FIS" failures="0" tests="1" name="Day_35_Execute_Failed_TestCases.MercuryTest" time="15.871" errors="0" timestamp="2021-03-18T11:20:54 IST" skipped="0">
  <testcase classname="Day_35_Execute_Failed_TestCases.MercuryTest" name="Open_Mercury" time="15.871"/>
  <system-out/>
</testsuite> <!-- Day_35_Execute_Failed_TestCases.MercuryTest -->
