<?xml version="1.0" encoding="UTF-8"?>
<!-- Generated by org.testng.reporters.JUnitReportReporter -->
<testsuite hostname="DESKTOP-PEG8FIS" failures="0" tests="1" name="Day_027_Alerts.AlertDemo" time="52.746" errors="0" timestamp="2021-03-17T09:12:18 IST" skipped="0">
  <testcase classname="Day_027_Alerts.AlertDemo" name="testWebAlert" time="52.746"/>
  <system-out/>
</testsuite> <!-- Day_027_Alerts.AlertDemo -->
