<?xml version="1.0" encoding="UTF-8"?>
<!-- Generated by org.testng.reporters.JUnitReportReporter -->
<testsuite hostname="DESKTOP-PEG8FIS" failures="0" tests="1" name="bharath.TC3_FileUpload" time="57.139" errors="0" timestamp="2021-03-17T21:26:15 IST" skipped="0">
  <testcase classname="bharath.TC3_FileUpload" name="File_upload" time="57.139"/>
  <system-out/>
</testsuite> <!-- bharath.TC3_FileUpload -->
