<?xml version="1.0" encoding="UTF-8"?>
<!-- Generated by org.testng.reporters.JUnitReportReporter -->
<testsuite skipped="0" hostname="DESKTOP-JDGVO00" name="Day_021_Java_Script_Executer.TC01_JavaSE_ScrollByVisibleElement" tests="1" failures="0" timestamp="2021-02-16T10:15:55 IST" time="8.332" errors="0">
  <testcase name="Login" time="8.332" classname="Day_021_Java_Script_Executer.TC01_JavaSE_ScrollByVisibleElement"/>
  <system-out/>
</testsuite> <!-- Day_021_Java_Script_Executer.TC01_JavaSE_ScrollByVisibleElement -->
