<?xml version="1.0" encoding="UTF-8"?>
<!-- Generated by org.testng.reporters.JUnitReportReporter -->
<testsuite skipped="0" hostname="DESKTOP-JDGVO00" name="Day_023_File_Upload_Download.TC05_DeleteFile" tests="1" failures="0" timestamp="2021-02-17T10:47:34 IST" time="22.486" errors="0">
  <testcase name="File_Download" time="22.486" classname="Day_023_File_Upload_Download.TC05_DeleteFile"/>
  <system-out/>
</testsuite> <!-- Day_023_File_Upload_Download.TC05_DeleteFile -->
