<?xml version="1.0" encoding="UTF-8"?>
<!-- Generated by org.testng.reporters.JUnitReportReporter -->
<testsuite skipped="0" hostname="DESKTOP-JDGVO00" name="Day_020_Multiple_Windows.TC01_Open_Three_Tabs" tests="1" failures="0" timestamp="2021-02-16T10:26:32 IST" time="9.545" errors="0">
  <testcase name="Login_Test" time="9.545" classname="Day_020_Multiple_Windows.TC01_Open_Three_Tabs"/>
  <system-out/>
</testsuite> <!-- Day_020_Multiple_Windows.TC01_Open_Three_Tabs -->
