<?xml version="1.0" encoding="UTF-8"?>
<!-- Generated by org.testng.reporters.JUnitReportReporter -->
<testsuite skipped="0" hostname="DESKTOP-JDGVO00" name="Day_012_TestNG_Paraneters.TC02_Login_Static_Paarameters1" tests="2" failures="0" timestamp="2021-02-25T09:04:59 IST" time="29.929" errors="0">
  <testcase name="Login_Test" time="14.049" classname="Day_012_TestNG_Paraneters.TC02_Login_Static_Paarameters1"/>
  <system-out/>
  <testcase name="Login_Test" time="15.880" classname="Day_012_TestNG_Paraneters.TC02_Login_Static_Paarameters1"/>
  <system-out/>
</testsuite> <!-- Day_012_TestNG_Paraneters.TC02_Login_Static_Paarameters1 -->
