<?xml version="1.0" encoding="UTF-8"?>
<!-- Generated by org.testng.reporters.JUnitReportReporter -->
<testsuite hostname="LAPTOP-9HART8E0" failures="0" tests="1" name="Day_004_Dropdown.Listbox2" time="24.098" errors="0" timestamp="2021-07-16T10:52:33 IST" skipped="0">
  <testcase classname="Day_004_Dropdown.Listbox2" name="Test1" time="24.098"/>
  <system-out/>
</testsuite> <!-- Day_004_Dropdown.Listbox2 -->
