<?xml version="1.0" encoding="UTF-8"?>
<!-- Generated by org.testng.reporters.JUnitReportReporter -->
<testsuite skipped="0" hostname="DESKTOP-JDGVO00" name="Day_003_Locators.TC03_xpath" tests="1" failures="0" timestamp="2021-02-02T10:20:17 IST" time="16.233" errors="0">
  <testcase name="Test2" time="16.233" classname="Day_003_Locators.TC03_xpath"/>
  <system-out/>
</testsuite> <!-- Day_003_Locators.TC03_xpath -->
