<?xml version="1.0" encoding="UTF-8"?>
<!-- Generated by org.testng.reporters.JUnitReportReporter -->
<testsuite hostname="LAPTOP-9HART8E0" failures="0" tests="1" name="Advith.Test2" time="25.006" errors="0" timestamp="2021-07-16T12:12:28 IST" skipped="0">
  <testcase classname="Advith.Test2" name="Testlogin" time="25.006"/>
  <system-out/>
</testsuite> <!-- Advith.Test2 -->
