<?xml version="1.0" encoding="UTF-8"?>
<!-- Generated by org.testng.reporters.JUnitReportReporter -->
<testsuite hostname="DESKTOP-PEG8FIS" failures="0" tests="1" name="bharath.TC02_AddPhoto_Existing_Employee" time="64.163" errors="0" timestamp="2021-03-17T20:17:09 IST" skipped="0">
  <testcase classname="bharath.TC02_AddPhoto_Existing_Employee" name="AddEmployee_call_allmethods" time="64.163"/>
  <system-out/>
</testsuite> <!-- bharath.TC02_AddPhoto_Existing_Employee -->
