<?xml version="1.0" encoding="UTF-8"?>
<!-- Generated by org.testng.reporters.JUnitReportReporter -->
<testsuite skipped="0" hostname="DESKTOP-JDGVO00" name="Day_019_Frames.Switch_Frame_By_WebElement" tests="1" failures="0" timestamp="2021-02-17T10:21:24 IST" time="4.681" errors="0">
  <testcase name="Login_Test" time="4.681" classname="Day_019_Frames.Switch_Frame_By_WebElement"/>
  <system-out/>
</testsuite> <!-- Day_019_Frames.Switch_Frame_By_WebElement -->
