<?xml version="1.0" encoding="UTF-8"?>
<!-- Generated by org.testng.reporters.JUnitReportReporter -->
<testsuite skipped="0" hostname="DESKTOP-JDGVO00" name="Day_009_Extent_Reports.ExtentReport_Test" tests="1" failures="0" timestamp="2021-02-25T08:46:14 IST" time="11.747" errors="0">
  <testcase name="Report3_Test" time="11.747" classname="Day_009_Extent_Reports.ExtentReport_Test"/>
  <system-out/>
</testsuite> <!-- Day_009_Extent_Reports.ExtentReport_Test -->
