<?xml version="1.0" encoding="UTF-8"?>
<!-- Generated by org.testng.reporters.JUnitReportReporter -->
<testsuite skipped="0" hostname="DESKTOP-JDGVO00" name="Day044_Return_Values.TC002_Return_Multiple_Values" tests="1" failures="0" timestamp="2021-02-03T09:08:02 IST" time="0.008" errors="0">
  <testcase name="Test1" time="0.008" classname="Day044_Return_Values.TC002_Return_Multiple_Values"/>
  <system-out/>
</testsuite> <!-- Day044_Return_Values.TC002_Return_Multiple_Values -->
