<?xml version="1.0" encoding="UTF-8"?>
<!-- Generated by org.testng.reporters.JUnitReportReporter -->
<testsuite skipped="0" hostname="DESKTOP-JDGVO00" name="ABC_Demo4.TC01_Login" tests="1" failures="0" timestamp="2021-02-19T09:13:33 IST" time="13.771" errors="0">
  <testcase name="Login_Test" time="13.771" classname="ABC_Demo4.TC01_Login"/>
  <system-out/>
</testsuite> <!-- ABC_Demo4.TC01_Login -->
