<?xml version="1.0" encoding="UTF-8"?>
<!-- Generated by org.testng.reporters.JUnitReportReporter -->
<testsuite skipped="0" hostname="DESKTOP-JDGVO00" name="Day_014_ParallelMethods.OrangeHRMTest3" tests="2" failures="0" timestamp="2021-02-11T12:28:49 IST" time="14.891" errors="0">
  <testcase name="TC01_Test1" time="10.482" classname="Day_014_ParallelMethods.OrangeHRMTest3"/>
  <system-out/>
  <testcase name="TC02_Test2" time="4.409" classname="Day_014_ParallelMethods.OrangeHRMTest3"/>
  <system-out/>
</testsuite> <!-- Day_014_ParallelMethods.OrangeHRMTest3 -->
