<?xml version="1.0" encoding="UTF-8"?>
<!-- Generated by org.testng.reporters.JUnitReportReporter -->
<testsuite skipped="0" hostname="DESKTOP-JDGVO00" name="Day_008_Emailable_Report.TestExample1" tests="1" failures="0" timestamp="2021-02-24T08:55:37 IST" time="7.404" errors="0">
  <testcase name="Test2" time="7.404" classname="Day_008_Emailable_Report.TestExample1"/>
  <system-out>
Pass- open Orangehrm1 Pass- Enter User Name1 Pass- Enter Password1 Pass- Click on Signin1  </system-out>
</testsuite> <!-- Day_008_Emailable_Report.TestExample1 -->
