<?xml version="1.0" encoding="UTF-8"?>
<!-- Generated by org.testng.reporters.JUnitReportReporter -->
<testsuite skipped="0" hostname="DESKTOP-JDGVO00" name="Day_37_BrokenLinks.BrokenLinks" tests="1" failures="0" timestamp="2021-03-02T11:06:43 IST" time="12.787" errors="0">
  <testcase name="Open_OrangeHRM" time="12.787" classname="Day_37_BrokenLinks.BrokenLinks"/>
  <system-out/>
</testsuite> <!-- Day_37_BrokenLinks.BrokenLinks -->
