<?xml version="1.0" encoding="UTF-8"?>
<!-- Generated by org.testng.reporters.JUnitReportReporter -->
<testsuite hostname="DESKTOP-PEG8FIS" failures="0" tests="1" name="Day_002_Java.TC01_Login2" time="58.939" errors="0" timestamp="2021-03-16T13:18:46 IST" skipped="0">
  <testcase classname="Day_002_Java.TC01_Login2" name="Login_Test" time="58.939"/>
  <system-out/>
</testsuite> <!-- Day_002_Java.TC01_Login2 -->
