<?xml version="1.0" encoding="UTF-8"?>
<!-- Generated by org.testng.reporters.JUnitReportReporter -->
<testsuite skipped="0" hostname="DESKTOP-JDGVO00" name="Day_020_Multiple_Windows.TC01_Open_New_Tab" tests="1" failures="0" timestamp="2021-02-17T10:24:02 IST" time="8.857" errors="0">
  <testcase name="Login_Test" time="8.857" classname="Day_020_Multiple_Windows.TC01_Open_New_Tab"/>
  <system-out/>
</testsuite> <!-- Day_020_Multiple_Windows.TC01_Open_New_Tab -->
