<?xml version="1.0" encoding="UTF-8"?>
<!-- Generated by org.testng.reporters.JUnitReportReporter -->
<testsuite hostname="DESKTOP-PEG8FIS" failures="0" tests="1" name="Day_022_Action_class.TC01_Mouse_Hover_Action" time="16.931" errors="0" timestamp="2021-03-16T21:06:06 IST" skipped="0">
  <testcase classname="Day_022_Action_class.TC01_Mouse_Hover_Action" name="Login_Test" time="16.931"/>
  <system-out/>
</testsuite> <!-- Day_022_Action_class.TC01_Mouse_Hover_Action -->
