<?xml version="1.0" encoding="UTF-8"?>
<!-- Generated by org.testng.reporters.JUnitReportReporter -->
<testsuite hostname="LAPTOP-9HART8E0" failures="0" tests="1" name="Day_003_Locators.TC06_cssSelector" time="28.105" errors="0" timestamp="2021-08-11T11:40:23 IST" skipped="0">
  <testcase classname="Day_003_Locators.TC06_cssSelector" name="Test2" time="28.105"/>
  <system-out/>
</testsuite> <!-- Day_003_Locators.TC06_cssSelector -->
