<?xml version="1.0" encoding="UTF-8"?>
<!-- Generated by org.testng.reporters.JUnitReportReporter -->
<testsuite hostname="DESKTOP-PEG8FIS" failures="0" tests="1" name="Day_022_Action_class.TC03_Context_Menu" time="8.337" errors="0" timestamp="2021-03-16T21:23:19 IST" skipped="0">
  <testcase classname="Day_022_Action_class.TC03_Context_Menu" name="Login_Test" time="8.337"/>
  <system-out/>
</testsuite> <!-- Day_022_Action_class.TC03_Context_Menu -->
