<?xml version="1.0" encoding="UTF-8"?>
<!-- Generated by org.testng.reporters.JUnitReportReporter -->
<testsuite skipped="0" hostname="DESKTOP-JDGVO00" name="Day_003_Locators.TC08_tagName" tests="1" failures="0" timestamp="2021-02-18T09:01:47 IST" time="10.987" errors="0">
  <testcase name="Test2" time="10.987" classname="Day_003_Locators.TC08_tagName"/>
  <system-out/>
</testsuite> <!-- Day_003_Locators.TC08_tagName -->
