<?xml version="1.0" encoding="UTF-8"?>
<!-- Generated by org.testng.reporters.JUnitReportReporter -->
<testsuite hostname="DESKTOP-PEG8FIS" failures="0" tests="1" name="bharath.TC01_Mouse_Hover_Action" time="16.927" errors="0" timestamp="2021-03-16T21:05:08 IST" skipped="0">
  <testcase classname="bharath.TC01_Mouse_Hover_Action" name="Login_Test" time="16.927"/>
  <system-out/>
</testsuite> <!-- bharath.TC01_Mouse_Hover_Action -->
