<?xml version="1.0" encoding="UTF-8"?>
<!-- Generated by org.testng.reporters.JUnitReportReporter -->
<testsuite skipped="0" hostname="DESKTOP-JDGVO00" name="Day_025_ExcelUtil_Apache_POI.TC03_Excel_Test_xls" tests="1" failures="0" timestamp="2021-02-19T11:17:10 IST" time="0.319" errors="0">
  <testcase name="hello" time="0.319" classname="Day_025_ExcelUtil_Apache_POI.TC03_Excel_Test_xls"/>
  <system-out/>
</testsuite> <!-- Day_025_ExcelUtil_Apache_POI.TC03_Excel_Test_xls -->
