<?xml version="1.0" encoding="UTF-8"?>
<!-- Generated by org.testng.reporters.JUnitReportReporter -->
<testsuite skipped="0" hostname="DESKTOP-JDGVO00" name="Day_024_Advanced_Xpaths.TC010_Following_Siblings" tests="1" failures="0" timestamp="2021-03-02T09:08:03 IST" time="10.631" errors="0">
  <testcase name="Test1" time="10.631" classname="Day_024_Advanced_Xpaths.TC010_Following_Siblings"/>
  <system-out/>
</testsuite> <!-- Day_024_Advanced_Xpaths.TC010_Following_Siblings -->
