<?xml version="1.0" encoding="UTF-8"?>
<!-- Generated by org.testng.reporters.JUnitReportReporter -->
<testsuite hostname="DESKTOP-PEG8FIS" failures="0" tests="1" name="Day_017_Multiple_Suites.Google" time="11.600" errors="0" timestamp="2021-03-10T10:47:39 IST" skipped="0">
  <testcase classname="Day_017_Multiple_Suites.Google" name="Open_Mercury" time="11.600"/>
  <system-out/>
</testsuite> <!-- Day_017_Multiple_Suites.Google -->
