<?xml version="1.0" encoding="UTF-8"?>
<!-- Generated by org.testng.reporters.JUnitReportReporter -->
<testsuite skipped="0" hostname="DESKTOP-JDGVO00" name="Day_013_InvocationCount.TC01_InvocationCount" tests="2" failures="0" timestamp="2021-02-25T09:08:39 IST" time="11.717" errors="0">
  <testcase name="Login" time="5.556" classname="Day_013_InvocationCount.TC01_InvocationCount"/>
  <system-out/>
  <testcase name="Login" time="6.161" classname="Day_013_InvocationCount.TC01_InvocationCount"/>
  <system-out/>
</testsuite> <!-- Day_013_InvocationCount.TC01_InvocationCount -->
