<?xml version="1.0" encoding="UTF-8"?>
<!-- Generated by org.testng.reporters.JUnitReportReporter -->
<testsuite skipped="0" hostname="DESKTOP-JDGVO00" name="Day_007_TestNG_DataProvider_Lab3.TC02_Login_Static_Paarameters" tests="2" failures="0" timestamp="2021-02-06T12:41:31 IST" time="80.373" errors="0">
  <testcase name="Login_Test" time="45.035" classname="Day_007_TestNG_DataProvider_Lab3.TC02_Login_Static_Paarameters"/>
  <system-out/>
  <testcase name="Login_Test" time="35.338" classname="Day_007_TestNG_DataProvider_Lab3.TC02_Login_Static_Paarameters"/>
  <system-out/>
</testsuite> <!-- Day_007_TestNG_DataProvider_Lab3.TC02_Login_Static_Paarameters -->
