<?xml version="1.0" encoding="UTF-8"?>
<!-- Generated by org.testng.reporters.JUnitReportReporter -->
<testsuite skipped="0" hostname="DESKTOP-JDGVO00" name="Day_017_Priorities_Test.TC02_Without_Priority" tests="6" failures="0" timestamp="2021-02-16T12:01:59 IST" time="27.658" errors="0">
  <testcase name="Test1_OpenChromeBrowser" time="2.344" classname="Day_017_Priorities_Test.TC02_Without_Priority"/>
  <system-out/>
  <testcase name="Test3_Login" time="4.453" classname="Day_017_Priorities_Test.TC02_Without_Priority"/>
  <system-out/>
  <testcase name="Test6_closebrowser" time="0.663" classname="Day_017_Priorities_Test.TC02_Without_Priority"/>
  <system-out/>
  <testcase name="Test5_Logout" time="10.365" classname="Day_017_Priorities_Test.TC02_Without_Priority"/>
  <system-out/>
  <testcase name="Test4_Addnatialities" time="4.721" classname="Day_017_Priorities_Test.TC02_Without_Priority"/>
  <system-out/>
  <testcase name="Test2_OpenOrangeHRM" time="5.112" classname="Day_017_Priorities_Test.TC02_Without_Priority"/>
  <system-out/>
</testsuite> <!-- Day_017_Priorities_Test.TC02_Without_Priority -->
