<?xml version="1.0" encoding="UTF-8"?>
<!-- Generated by org.testng.reporters.JUnitReportReporter -->
<testsuite skipped="0" hostname="DESKTOP-JDGVO00" name="Day_025_ExcelUtil_Apache_POI.TC05_Excel_Test_xlsx" tests="1" failures="0" timestamp="2021-01-25T11:55:18 IST" time="52.706" errors="0">
  <testcase name="hello" time="52.706" classname="Day_025_ExcelUtil_Apache_POI.TC05_Excel_Test_xlsx"/>
  <system-out/>
</testsuite> <!-- Day_025_ExcelUtil_Apache_POI.TC05_Excel_Test_xlsx -->
