<?xml version="1.0" encoding="UTF-8"?>
<!-- Generated by org.testng.reporters.JUnitReportReporter -->
<testsuite hostname="LAPTOP-9HART8E0" failures="0" tests="1" name="ABC_Demo1.TC01_Login" time="28.934" errors="0" timestamp="2021-06-27T16:11:49 IST" skipped="0">
  <testcase classname="ABC_Demo1.TC01_Login" name="LoginTest" time="28.934"/>
  <system-out/>
</testsuite> <!-- ABC_Demo1.TC01_Login -->
