<?xml version="1.0" encoding="UTF-8"?>
<!-- Generated by org.testng.reporters.JUnitReportReporter -->
<testsuite hostname="DESKTOP-PEG8FIS" failures="0" tests="1" name="Day_022_Action_class.TC01_Action_single_user_interaction_action" time="8.207" errors="0" timestamp="2021-03-16T13:45:09 IST" skipped="0">
  <testcase classname="Day_022_Action_class.TC01_Action_single_user_interaction_action" name="Login_Test" time="8.207"/>
  <system-out/>
</testsuite> <!-- Day_022_Action_class.TC01_Action_single_user_interaction_action -->
