<?xml version="1.0" encoding="UTF-8"?>
<!-- Generated by org.testng.reporters.JUnitReportReporter -->
<testsuite skipped="0" hostname="DESKTOP-JDGVO00" name="Day_016_ParallelClasses.OrangeHRMTest" tests="1" failures="0" timestamp="2021-02-27T09:01:19 IST" time="7.533" errors="0">
  <testcase name="Open_OrangeHRM" time="7.533" classname="Day_016_ParallelClasses.OrangeHRMTest"/>
  <system-out/>
</testsuite> <!-- Day_016_ParallelClasses.OrangeHRMTest -->
