<?xml version="1.0" encoding="UTF-8"?>
<!-- Generated by org.testng.reporters.JUnitReportReporter -->
<testsuite skipped="0" hostname="DESKTOP-JDGVO00" name="Day_41_Method_OverLoading.TC01_Test" tests="2" failures="0" timestamp="2021-02-22T10:43:41 IST" time="61.852" errors="0">
  <testcase name="Test1" time="36.144" classname="Day_41_Method_OverLoading.TC01_Test"/>
  <system-out/>
  <testcase name="Test1" time="25.708" classname="Day_41_Method_OverLoading.TC01_Test"/>
  <system-out/>
</testsuite> <!-- Day_41_Method_OverLoading.TC01_Test -->
