<?xml version="1.0" encoding="UTF-8"?>
<!-- Generated by org.testng.reporters.JUnitReportReporter -->
<testsuite hostname="DESKTOP-PEG8FIS" failures="0" tests="1" name="Day_019_Frames.FrameByIndex" time="12.129" errors="0" timestamp="2021-03-16T09:21:32 IST" skipped="0">
  <testcase classname="Day_019_Frames.FrameByIndex" name="Login_Test" time="12.129"/>
  <system-out/>
</testsuite> <!-- Day_019_Frames.FrameByIndex -->
