<?xml version="1.0" encoding="UTF-8"?>
<!-- Generated by org.testng.reporters.JUnitReportReporter -->
<testsuite hostname="DESKTOP-PEG8FIS" failures="0" tests="1" name="bharath.TC02_Double_Click" time="12.571" errors="0" timestamp="2021-03-16T21:19:59 IST" skipped="0">
  <testcase classname="bharath.TC02_Double_Click" name="Login_Test" time="12.571"/>
  <system-out/>
</testsuite> <!-- bharath.TC02_Double_Click -->
