<?xml version="1.0" encoding="UTF-8"?>
<!-- Generated by org.testng.reporters.JUnitReportReporter -->
<testsuite hostname="DESKTOP-PEG8FIS" failures="0" tests="6" name="Day_017_Priorities_Test.TC02_Without_prioritypractice" time="28.999" errors="0" timestamp="2021-03-10T10:44:05 IST" skipped="0">
  <testcase classname="Day_017_Priorities_Test.TC02_Without_prioritypractice" name="Test2_OpenOrangeHRM" time="5.194"/>
  <system-out/>
  <testcase classname="Day_017_Priorities_Test.TC02_Without_prioritypractice" name="Test5_Logout" time="10.121"/>
  <system-out/>
  <testcase classname="Day_017_Priorities_Test.TC02_Without_prioritypractice" name="Test6_closebrowser" time="0.721"/>
  <system-out/>
  <testcase classname="Day_017_Priorities_Test.TC02_Without_prioritypractice" name="Test1_OpenChromeBrowser" time="2.672"/>
  <system-out/>
  <testcase classname="Day_017_Priorities_Test.TC02_Without_prioritypractice" name="Test4_Addnatialities" time="5.485"/>
  <system-out/>
  <testcase classname="Day_017_Priorities_Test.TC02_Without_prioritypractice" name="Test3_Login" time="4.806"/>
  <system-out/>
</testsuite> <!-- Day_017_Priorities_Test.TC02_Without_prioritypractice -->
